<?xml version="1.0" encoding="UTF-8"?>
<!-- Generated by org.testng.reporters.JUnitReportReporter -->
<testsuite hostname="Pebbles" failures="0" tests="3" name="com.crm.qa.testcases.LoginPageTest" time="36.847" errors="0" timestamp="2024-05-21T08:59:07 EDT" skipped="0">
  <testcase classname="com.crm.qa.testcases.LoginPageTest" name="loginPageTitleTest" time="7.661"/>
  <testcase classname="com.crm.qa.testcases.LoginPageTest" name="crmLogoImageTest" time="9.682"/>
  <testcase classname="com.crm.qa.testcases.LoginPageTest" name="loginTest" time="19.504"/>
</testsuite> <!-- com.crm.qa.testcases.LoginPageTest -->
