<?xml version="1.0" encoding="UTF-8"?>
<!-- Generated by org.testng.reporters.JUnitReportReporter -->
<testsuite hostname="Pebbles" failures="0" tests="3" name="com.crm.qa.testcases.LoginPageTest" time="30.763" errors="0" timestamp="2024-05-20T14:23:23 EDT" skipped="0">
  <testcase classname="com.crm.qa.testcases.LoginPageTest" name="loginPageTitleTest" time="8.183"/>
  <testcase classname="com.crm.qa.testcases.LoginPageTest" name="crmLogoImageTest" time="6.991"/>
  <testcase classname="com.crm.qa.testcases.LoginPageTest" name="loginTest" time="15.589"/>
</testsuite> <!-- com.crm.qa.testcases.LoginPageTest -->
