<?xml version="1.0" encoding="UTF-8"?>
<!-- Generated by org.testng.reporters.JUnitReportReporter -->
<testsuite hostname="Pebbles" failures="0" tests="3" name="com.crm.qa.testcases.LoginPageTest" time="29.499" errors="0" timestamp="2024-05-22T21:20:09 EDT" skipped="0">
  <testcase classname="com.crm.qa.testcases.LoginPageTest" name="loginPageTitleTest" time="7.499"/>
  <testcase classname="com.crm.qa.testcases.LoginPageTest" name="crmLogoImageTest" time="7.698"/>
  <testcase classname="com.crm.qa.testcases.LoginPageTest" name="loginTest" time="14.302"/>
</testsuite> <!-- com.crm.qa.testcases.LoginPageTest -->
