<?xml version="1.0" encoding="UTF-8"?>
<!-- Generated by org.testng.reporters.JUnitReportReporter -->
<testsuite hostname="Pebbles" failures="0" tests="3" name="com.crm.qa.testcases.HomePageTest" time="47.574" errors="0" timestamp="2024-05-20T14:23:23 EDT" skipped="0">
  <testcase classname="com.crm.qa.testcases.HomePageTest" name="verifyHomePageTitleTest" time="9.552"/>
  <testcase classname="com.crm.qa.testcases.HomePageTest" name="verifyUserNameTest" time="21.370"/>
  <testcase classname="com.crm.qa.testcases.HomePageTest" name="verifyContactsLinkTest" time="16.652"/>
</testsuite> <!-- com.crm.qa.testcases.HomePageTest -->
