<?xml version="1.0" encoding="UTF-8"?>
<!-- Generated by org.testng.reporters.JUnitReportReporter -->
<testsuite hostname="Pebbles" failures="0" tests="3" name="com.crm.qa.testcases.HomePageTest" time="47.455" errors="0" timestamp="2024-05-22T21:20:09 EDT" skipped="0">
  <testcase classname="com.crm.qa.testcases.HomePageTest" name="verifyHomePageTitleTest" time="14.535"/>
  <testcase classname="com.crm.qa.testcases.HomePageTest" name="verifyUserNameTest" time="14.218"/>
  <testcase classname="com.crm.qa.testcases.HomePageTest" name="verifyContactsLinkTest" time="18.702"/>
</testsuite> <!-- com.crm.qa.testcases.HomePageTest -->
