<?xml version="1.0" encoding="UTF-8"?>
<!-- Generated by org.testng.reporters.JUnitReportReporter -->
<testsuite hostname="Pebbles" failures="0" tests="3" name="com.crm.qa.testcases.HomePageTest" time="61.356" errors="0" timestamp="2024-05-21T08:59:07 EDT" skipped="0">
  <testcase classname="com.crm.qa.testcases.HomePageTest" name="verifyHomePageTitleTest" time="17.884"/>
  <testcase classname="com.crm.qa.testcases.HomePageTest" name="verifyUserNameTest" time="20.906"/>
  <testcase classname="com.crm.qa.testcases.HomePageTest" name="verifyContactsLinkTest" time="22.566"/>
</testsuite> <!-- com.crm.qa.testcases.HomePageTest -->
