<?xml version="1.0" encoding="UTF-8"?>
<!-- Generated by org.testng.reporters.JUnitReportReporter -->
<testsuite hostname="Pebbles" failures="0" tests="3" name="com.crm.qa.testcases.LoginPageTest" time="31.303" errors="0" timestamp="2024-05-17T22:43:44 EDT" skipped="0">
  <testcase classname="com.crm.qa.testcases.LoginPageTest" name="loginPageTitleTest" time="7.441"/>
  <system-out/>
  <testcase classname="com.crm.qa.testcases.LoginPageTest" name="crmLogoImageTest" time="8.308"/>
  <system-out/>
  <testcase classname="com.crm.qa.testcases.LoginPageTest" name="loginTest" time="15.554"/>
  <system-out/>
</testsuite> <!-- com.crm.qa.testcases.LoginPageTest -->
