<?xml version="1.0" encoding="UTF-8"?>
<!-- Generated by org.testng.reporters.JUnitReportReporter -->
<testsuite hostname="Pebbles" failures="0" tests="3" name="com.crm.qa.testcases.HomePageTest" time="46.955" errors="0" timestamp="2024-05-17T22:43:44 EDT" skipped="0">
  <testcase classname="com.crm.qa.testcases.HomePageTest" name="verifyHomePageTitleTest" time="11.289"/>
  <system-out/>
  <testcase classname="com.crm.qa.testcases.HomePageTest" name="verifyUserNameTest" time="20.334"/>
  <system-out/>
  <testcase classname="com.crm.qa.testcases.HomePageTest" name="verifyContactsLinkTest" time="15.332"/>
  <system-out/>
</testsuite> <!-- com.crm.qa.testcases.HomePageTest -->
